# JRE version: OpenJDK Runtime Environment Temurin-21.0.9+10 (21.0.9+10) (build 21.0.9+10-LTS)
# Java VM: OpenJDK 64-Bit Server VM Temurin-21.0.9+10 (21.0.9+10-LTS, mixed mode, sharing, tiered, compressed oops, compressed class ptrs, parallel gc, windows-amd64)
GC Precious Log:
 CardTable entry size: 512
 CPUs: 8 total, 8 available
 Memory: 7914M
 Large Page Support: Disabled
 NUMA Support: Disabled
 Compressed Oops: Enabled (32-bit)
 Alignments: Space 512K, Generation 512K, Heap 2M
 Heap Min Capacity: 100M
 Heap Initial Capacity: 100M
 Heap Max Capacity: 2G
 Pre-touch: Disabled
 Parallel Workers: 8
Heap:
 PSYoungGen      total 16384K, used 14376K [0x00000000d5580000, 0x00000000d6700000, 0x0000000100000000)
  eden space 15872K, 89% used [0x00000000d5580000,0x00000000d63520f0,0x00000000d6500000)
  from space 512K, 43% used [0x00000000d6680000,0x00000000d66b8000,0x00000000d6700000)
  to   space 1024K, 0% used [0x00000000d6500000,0x00000000d6500000,0x00000000d6600000)
 ParOldGen       total 68608K, used 48792K [0x0000000080000000, 0x0000000084300000, 0x00000000d5580000)
  object space 68608K, 71% used [0x0000000080000000,0x0000000082fa6058,0x0000000084300000)
 Metaspace       used 63655K, committed 65024K, reserved 1114112K
  class space    used 8054K, committed 8704K, reserved 1048576K
GC Heap History (20 events):
Event: 14.255 GC heap before
{Heap before GC invocations=46 (full 3):
 PSYoungGen      total 16384K, used 16267K [0x00000000d5580000, 0x00000000d6680000, 0x0000000100000000)
  eden space 15872K, 100% used [0x00000000d5580000,0x00000000d6500000,0x00000000d6500000)
  from space 512K, 77% used [0x00000000d6600000,0x00000000d6662d40,0x00000000d6680000)
  to   space 512K, 0% used [0x00000000d6500000,0x00000000d6500000,0x00000000d6580000)
 ParOldGen       total 68608K, used 45017K [0x0000000080000000, 0x0000000084300000, 0x00000000d5580000)
  object space 68608K, 65% used [0x0000000080000000,0x0000000082bf6498,0x0000000084300000)
 Metaspace       used 59121K, committed 60416K, reserved 1114112K
  class space    used 7450K, committed 8064K, reserved 1048576K
}
Event: 14.256 GC heap after
{Heap after GC invocations=46 (full 3):
 PSYoungGen      total 16384K, used 507K [0x00000000d5580000, 0x00000000d6800000, 0x0000000100000000)
  eden space 15872K, 0% used [0x00000000d5580000,0x00000000d5580000,0x00000000d6500000)
  from space 512K, 99% used [0x00000000d6500000,0x00000000d657ed78,0x00000000d6580000)
  to   space 1536K, 0% used [0x00000000d6680000,0x00000000d6680000,0x00000000d6800000)
 ParOldGen       total 68608K, used 45794K [0x0000000080000000, 0x0000000084300000, 0x00000000d5580000)
  object space 68608K, 66% used [0x0000000080000000,0x0000000082cb8af8,0x0000000084300000)
 Metaspace       used 59121K, committed 60416K, reserved 1114112K
  class space    used 7450K, committed 8064K, reserved 1048576K
}
Event: 14.423 GC heap before
{Heap before GC invocations=47 (full 3):
 PSYoungGen      total 16384K, used 16379K [0x00000000d5580000, 0x00000000d6800000, 0x0000000100000000)
  eden space 15872K, 100% used [0x00000000d5580000,0x00000000d6500000,0x00000000d6500000)
  from space 512K, 99% used [0x00000000d6500000,0x00000000d657ed78,0x00000000d6580000)
  to   space 1536K, 0% used [0x00000000d6680000,0x00000000d6680000,0x00000000d6800000)
 ParOldGen       total 68608K, used 45794K [0x0000000080000000, 0x0000000084300000, 0x00000000d5580000)
  object space 68608K, 66% used [0x0000000080000000,0x0000000082cb8af8,0x0000000084300000)
 Metaspace       used 59121K, committed 60416K, reserved 1114112K
  class space    used 7450K, committed 8064K, reserved 1048576K
}
Event: 14.424 GC heap after
{Heap after GC invocations=47 (full 3):
 PSYoungGen      total 16384K, used 452K [0x00000000d5580000, 0x00000000d6700000, 0x0000000100000000)
  eden space 15872K, 0% used [0x00000000d5580000,0x00000000d5580000,0x00000000d6500000)
  from space 512K, 88% used [0x00000000d6680000,0x00000000d66f1390,0x00000000d6700000)
  to   space 1024K, 0% used [0x00000000d6500000,0x00000000d6500000,0x00000000d6600000)
 ParOldGen       total 68608K, used 45834K [0x0000000080000000, 0x0000000084300000, 0x00000000d5580000)
  object space 68608K, 66% used [0x0000000080000000,0x0000000082cc2af8,0x0000000084300000)
 Metaspace       used 59121K, committed 60416K, reserved 1114112K
  class space    used 7450K, committed 8064K, reserved 1048576K
}
Event: 14.550 GC heap before
{Heap before GC invocations=48 (full 3):
 PSYoungGen      total 16384K, used 16324K [0x00000000d5580000, 0x00000000d6700000, 0x0000000100000000)
  eden space 15872K, 100% used [0x00000000d5580000,0x00000000d6500000,0x00000000d6500000)
  from space 512K, 88% used [0x00000000d6680000,0x00000000d66f1390,0x00000000d6700000)
  to   space 1024K, 0% used [0x00000000d6500000,0x00000000d6500000,0x00000000d6600000)
 ParOldGen       total 68608K, used 45834K [0x0000000080000000, 0x0000000084300000, 0x00000000d5580000)
  object space 68608K, 66% used [0x0000000080000000,0x0000000082cc2af8,0x0000000084300000)
 Metaspace       used 59121K, committed 60416K, reserved 1114112K
  class space    used 7450K, committed 8064K, reserved 1048576K
}
Event: 14.551 GC heap after
{Heap after GC invocations=48 (full 3):
 PSYoungGen      total 16896K, used 128K [0x00000000d5580000, 0x00000000d6700000, 0x0000000100000000)
  eden space 15872K, 0% used [0x00000000d5580000,0x00000000d5580000,0x00000000d6500000)
  from space 1024K, 12% used [0x00000000d6500000,0x00000000d6520000,0x00000000d6600000)
  to   space 512K, 0% used [0x00000000d6680000,0x00000000d6680000,0x00000000d6700000)
 ParOldGen       total 68608K, used 46092K [0x0000000080000000, 0x0000000084300000, 0x00000000d5580000)
  object space 68608K, 67% used [0x0000000080000000,0x0000000082d03168,0x0000000084300000)
 Metaspace       used 59121K, committed 60416K, reserved 1114112K
  class space    used 7450K, committed 8064K, reserved 1048576K
}
Event: 15.836 GC heap before
{Heap before GC invocations=49 (full 3):
 PSYoungGen      total 16896K, used 16000K [0x00000000d5580000, 0x00000000d6700000, 0x0000000100000000)
  eden space 15872K, 100% used [0x00000000d5580000,0x00000000d6500000,0x00000000d6500000)
  from space 1024K, 12% used [0x00000000d6500000,0x00000000d6520000,0x00000000d6600000)
  to   space 512K, 0% used [0x00000000d6680000,0x00000000d6680000,0x00000000d6700000)
 ParOldGen       total 68608K, used 46092K [0x0000000080000000, 0x0000000084300000, 0x00000000d5580000)
  object space 68608K, 67% used [0x0000000080000000,0x0000000082d03168,0x0000000084300000)
 Metaspace       used 59122K, committed 60416K, reserved 1114112K
  class space    used 7450K, committed 8064K, reserved 1048576K
}
Event: 15.837 GC heap after
{Heap after GC invocations=49 (full 3):
 PSYoungGen      total 16384K, used 511K [0x00000000d5580000, 0x00000000d6800000, 0x0000000100000000)
  eden space 15872K, 0% used [0x00000000d5580000,0x00000000d5580000,0x00000000d6500000)
  from space 512K, 99% used [0x00000000d6680000,0x00000000d66fff50,0x00000000d6700000)
  to   space 1536K, 0% used [0x00000000d6500000,0x00000000d6500000,0x00000000d6680000)
 ParOldGen       total 68608K, used 46887K [0x0000000080000000, 0x0000000084300000, 0x00000000d5580000)
  object space 68608K, 68% used [0x0000000080000000,0x0000000082dc9f50,0x0000000084300000)
 Metaspace       used 59122K, committed 60416K, reserved 1114112K
  class space    used 7450K, committed 8064K, reserved 1048576K
}
Event: 16.614 GC heap before
{Heap before GC invocations=50 (full 3):
 PSYoungGen      total 16384K, used 16383K [0x00000000d5580000, 0x00000000d6800000, 0x0000000100000000)
  eden space 15872K, 100% used [0x00000000d5580000,0x00000000d6500000,0x00000000d6500000)
  from space 512K, 99% used [0x00000000d6680000,0x00000000d66fff50,0x00000000d6700000)
  to   space 1536K, 0% used [0x00000000d6500000,0x00000000d6500000,0x00000000d6680000)
 ParOldGen       total 68608K, used 46887K [0x0000000080000000, 0x0000000084300000, 0x00000000d5580000)
  object space 68608K, 68% used [0x0000000080000000,0x0000000082dc9f50,0x0000000084300000)
 Metaspace       used 59122K, committed 60416K, reserved 1114112K
  class space    used 7450K, committed 8064K, reserved 1048576K
}
Event: 16.615 GC heap after
{Heap after GC invocations=50 (full 3):
 PSYoungGen      total 16896K, used 653K [0x00000000d5580000, 0x00000000d6700000, 0x0000000100000000)
  eden space 15872K, 0% used [0x00000000d5580000,0x00000000d5580000,0x00000000d6500000)
  from space 1024K, 63% used [0x00000000d6500000,0x00000000d65a35b8,0x00000000d6600000)
  to   space 1024K, 0% used [0x00000000d6600000,0x00000000d6600000,0x00000000d6700000)
 ParOldGen       total 68608K, used 46943K [0x0000000080000000, 0x0000000084300000, 0x00000000d5580000)
  object space 68608K, 68% used [0x0000000080000000,0x0000000082dd7f50,0x0000000084300000)
 Metaspace       used 59122K, committed 60416K, reserved 1114112K
  class space    used 7450K, committed 8064K, reserved 1048576K
}
Event: 16.683 GC heap before
{Heap before GC invocations=51 (full 3):
 PSYoungGen      total 16896K, used 16525K [0x00000000d5580000, 0x00000000d6700000, 0x0000000100000000)
  eden space 15872K, 100% used [0x00000000d5580000,0x00000000d6500000,0x00000000d6500000)
  from space 1024K, 63% used [0x00000000d6500000,0x00000000d65a35b8,0x00000000d6600000)
  to   space 1024K, 0% used [0x00000000d6600000,0x00000000d6600000,0x00000000d6700000)
 ParOldGen       total 68608K, used 46943K [0x0000000080000000, 0x0000000084300000, 0x00000000d5580000)
  object space 68608K, 68% used [0x0000000080000000,0x0000000082dd7f50,0x0000000084300000)
 Metaspace       used 59122K, committed 60416K, reserved 1114112K
  class space    used 7450K, committed 8064K, reserved 1048576K
}
Event: 16.683 GC heap after
{Heap after GC invocations=51 (full 3):
 PSYoungGen      total 16384K, used 224K [0x00000000d5580000, 0x00000000d6680000, 0x0000000100000000)
  eden space 15872K, 0% used [0x00000000d5580000,0x00000000d5580000,0x00000000d6500000)
  from space 512K, 43% used [0x00000000d6600000,0x00000000d6638000,0x00000000d6680000)
  to   space 512K, 0% used [0x00000000d6580000,0x00000000d6580000,0x00000000d6600000)
 ParOldGen       total 68608K, used 47110K [0x0000000080000000, 0x0000000084300000, 0x00000000d5580000)
  object space 68608K, 68% used [0x0000000080000000,0x0000000082e01970,0x0000000084300000)
 Metaspace       used 59122K, committed 60416K, reserved 1114112K
  class space    used 7450K, committed 8064K, reserved 1048576K
}
Event: 17.302 GC heap before
{Heap before GC invocations=52 (full 3):
 PSYoungGen      total 16384K, used 16096K [0x00000000d5580000, 0x00000000d6680000, 0x0000000100000000)
  eden space 15872K, 100% used [0x00000000d5580000,0x00000000d6500000,0x00000000d6500000)
  from space 512K, 43% used [0x00000000d6600000,0x00000000d6638000,0x00000000d6680000)
  to   space 512K, 0% used [0x00000000d6580000,0x00000000d6580000,0x00000000d6600000)
 ParOldGen       total 68608K, used 47110K [0x0000000080000000, 0x0000000084300000, 0x00000000d5580000)
  object space 68608K, 68% used [0x0000000080000000,0x0000000082e01970,0x0000000084300000)
 Metaspace       used 60848K, committed 62208K, reserved 1114112K
  class space    used 7719K, committed 8320K, reserved 1048576K
}
Event: 17.303 GC heap after
{Heap after GC invocations=52 (full 3):
 PSYoungGen      total 16384K, used 512K [0x00000000d5580000, 0x00000000d6700000, 0x0000000100000000)
  eden space 15872K, 0% used [0x00000000d5580000,0x00000000d5580000,0x00000000d6500000)
  from space 512K, 100% used [0x00000000d6580000,0x00000000d6600000,0x00000000d6600000)
  to   space 1024K, 0% used [0x00000000d6600000,0x00000000d6600000,0x00000000d6700000)
 ParOldGen       total 68608K, used 47174K [0x0000000080000000, 0x0000000084300000, 0x00000000d5580000)
  object space 68608K, 68% used [0x0000000080000000,0x0000000082e11980,0x0000000084300000)
 Metaspace       used 60848K, committed 62208K, reserved 1114112K
  class space    used 7719K, committed 8320K, reserved 1048576K
}
Event: 24.506 GC heap before
{Heap before GC invocations=53 (full 3):
 PSYoungGen      total 16384K, used 16384K [0x00000000d5580000, 0x00000000d6700000, 0x0000000100000000)
  eden space 15872K, 100% used [0x00000000d5580000,0x00000000d6500000,0x00000000d6500000)
  from space 512K, 100% used [0x00000000d6580000,0x00000000d6600000,0x00000000d6600000)
  to   space 1024K, 0% used [0x00000000d6600000,0x00000000d6600000,0x00000000d6700000)
 ParOldGen       total 68608K, used 47174K [0x0000000080000000, 0x0000000084300000, 0x00000000d5580000)
  object space 68608K, 68% used [0x0000000080000000,0x0000000082e11980,0x0000000084300000)
 Metaspace       used 62146K, committed 63488K, reserved 1114112K
  class space    used 7889K, committed 8512K, reserved 1048576K
}
Event: 24.508 GC heap after
{Heap after GC invocations=53 (full 3):
 PSYoungGen      total 16384K, used 416K [0x00000000d5580000, 0x00000000d6680000, 0x0000000100000000)
  eden space 15872K, 0% used [0x00000000d5580000,0x00000000d5580000,0x00000000d6500000)
  from space 512K, 81% used [0x00000000d6600000,0x00000000d6668010,0x00000000d6680000)
  to   space 512K, 0% used [0x00000000d6580000,0x00000000d6580000,0x00000000d6600000)
 ParOldGen       total 68608K, used 47566K [0x0000000080000000, 0x0000000084300000, 0x00000000d5580000)
  object space 68608K, 69% used [0x0000000080000000,0x0000000082e739a0,0x0000000084300000)
 Metaspace       used 62146K, committed 63488K, reserved 1114112K
  class space    used 7889K, committed 8512K, reserved 1048576K
}
Event: 25.374 GC heap before
{Heap before GC invocations=54 (full 3):
 PSYoungGen      total 16384K, used 16288K [0x00000000d5580000, 0x00000000d6680000, 0x0000000100000000)
  eden space 15872K, 100% used [0x00000000d5580000,0x00000000d6500000,0x00000000d6500000)
  from space 512K, 81% used [0x00000000d6600000,0x00000000d6668010,0x00000000d6680000)
  to   space 512K, 0% used [0x00000000d6580000,0x00000000d6580000,0x00000000d6600000)
 ParOldGen       total 68608K, used 47566K [0x0000000080000000, 0x0000000084300000, 0x00000000d5580000)
  object space 68608K, 69% used [0x0000000080000000,0x0000000082e739a0,0x0000000084300000)
 Metaspace       used 63598K, committed 64960K, reserved 1114112K
  class space    used 8051K, committed 8640K, reserved 1048576K
}
Event: 25.376 GC heap after
{Heap after GC invocations=54 (full 3):
 PSYoungGen      total 16384K, used 480K [0x00000000d5580000, 0x00000000d6800000, 0x0000000100000000)
  eden space 15872K, 0% used [0x00000000d5580000,0x00000000d5580000,0x00000000d6500000)
  from space 512K, 93% used [0x00000000d6580000,0x00000000d65f8010,0x00000000d6600000)
  to   space 1536K, 0% used [0x00000000d6680000,0x00000000d6680000,0x00000000d6800000)
 ParOldGen       total 68608K, used 48290K [0x0000000080000000, 0x0000000084300000, 0x00000000d5580000)
  object space 68608K, 70% used [0x0000000080000000,0x0000000082f28880,0x0000000084300000)
 Metaspace       used 63598K, committed 64960K, reserved 1114112K
  class space    used 8051K, committed 8640K, reserved 1048576K
}
Event: 27.030 GC heap before
{Heap before GC invocations=55 (full 3):
 PSYoungGen      total 16384K, used 16352K [0x00000000d5580000, 0x00000000d6800000, 0x0000000100000000)
  eden space 15872K, 100% used [0x00000000d5580000,0x00000000d6500000,0x00000000d6500000)
  from space 512K, 93% used [0x00000000d6580000,0x00000000d65f8010,0x00000000d6600000)
  to   space 1536K, 0% used [0x00000000d6680000,0x00000000d6680000,0x00000000d6800000)
 ParOldGen       total 68608K, used 48290K [0x0000000080000000, 0x0000000084300000, 0x00000000d5580000)
  object space 68608K, 70% used [0x0000000080000000,0x0000000082f28880,0x0000000084300000)
 Metaspace       used 63614K, committed 64960K, reserved 1114112K
  class space    used 8052K, committed 8640K, reserved 1048576K
}
Event: 27.031 GC heap after
{Heap after GC invocations=55 (full 3):
 PSYoungGen      total 16384K, used 224K [0x00000000d5580000, 0x00000000d6700000, 0x0000000100000000)
  eden space 15872K, 0% used [0x00000000d5580000,0x00000000d5580000,0x00000000d6500000)
  from space 512K, 43% used [0x00000000d6680000,0x00000000d66b8000,0x00000000d6700000)
  to   space 1024K, 0% used [0x00000000d6500000,0x00000000d6500000,0x00000000d6600000)
 ParOldGen       total 68608K, used 48792K [0x0000000080000000, 0x0000000084300000, 0x00000000d5580000)
  object space 68608K, 71% used [0x0000000080000000,0x0000000082fa6058,0x0000000084300000)
 Metaspace       used 63614K, committed 64960K, reserved 1114112K
  class space    used 8052K, committed 8640K, reserved 1048576K
}

