# JRE version: OpenJDK Runtime Environment Temurin-17.0.17+10 (17.0.17+10) (build 17.0.17+10)
# Java VM: OpenJDK 64-Bit Server VM Temurin-17.0.17+10 (17.0.17+10, mixed mode, sharing, tiered, compressed oops, compressed class ptrs, g1 gc, windows-amd64)
GC Precious Log:
 CPUs: 8 total, 8 available
 Memory: 7914M
 Large Page Support: Disabled
 NUMA Support: Disabled
 Compressed Oops: Enabled (32-bit)
 Heap Region Size: 1M
 Heap Min Capacity: 8M
 Heap Initial Capacity: 124M
 Heap Max Capacity: 2G
 Pre-touch: Disabled
 Parallel Workers: 8
 Concurrent Workers: 2
 Concurrent Refinement Workers: 8
 Periodic GC: Disabled
Heap:
 garbage-first heap   total 388096K, used 332941K [0x0000000080000000, 0x0000000100000000)
  region size 1024K, 3 young (3072K), 3 survivors (3072K)
 Metaspace       used 199782K, committed 201984K, reserved 622592K
  class space    used 26379K, committed 27456K, reserved 425984K
GC Heap History (20 events):
Event: 1915.022 GC heap after
{Heap after GC invocations=67 (full 0):
 garbage-first heap   total 388096K, used 249973K [0x0000000080000000, 0x0000000100000000)
  region size 1024K, 13 young (13312K), 13 survivors (13312K)
 Metaspace       used 171403K, committed 173440K, reserved 622592K
  class space    used 22804K, committed 23808K, reserved 425984K
}
Event: 1915.996 GC heap before
{Heap before GC invocations=67 (full 0):
 garbage-first heap   total 388096K, used 328821K [0x0000000080000000, 0x0000000100000000)
  region size 1024K, 90 young (92160K), 13 survivors (13312K)
 Metaspace       used 176167K, committed 178240K, reserved 622592K
  class space    used 23484K, committed 24512K, reserved 425984K
}
Event: 1916.018 GC heap after
{Heap after GC invocations=68 (full 0):
 garbage-first heap   total 388096K, used 255184K [0x0000000080000000, 0x0000000100000000)
  region size 1024K, 6 young (6144K), 6 survivors (6144K)
 Metaspace       used 176167K, committed 178240K, reserved 622592K
  class space    used 23484K, committed 24512K, reserved 425984K
}
Event: 1916.751 GC heap before
{Heap before GC invocations=68 (full 0):
 garbage-first heap   total 388096K, used 335056K [0x0000000080000000, 0x0000000100000000)
  region size 1024K, 80 young (81920K), 6 survivors (6144K)
 Metaspace       used 179843K, committed 181888K, reserved 622592K
  class space    used 23798K, committed 24832K, reserved 425984K
}
Event: 1916.766 GC heap after
{Heap after GC invocations=69 (full 0):
 garbage-first heap   total 388096K, used 263419K [0x0000000080000000, 0x0000000100000000)
  region size 1024K, 10 young (10240K), 10 survivors (10240K)
 Metaspace       used 179843K, committed 181888K, reserved 622592K
  class space    used 23798K, committed 24832K, reserved 425984K
}
Event: 1918.539 GC heap before
{Heap before GC invocations=69 (full 0):
 garbage-first heap   total 388096K, used 335099K [0x0000000080000000, 0x0000000100000000)
  region size 1024K, 75 young (76800K), 10 survivors (10240K)
 Metaspace       used 187765K, committed 189888K, reserved 622592K
  class space    used 24770K, committed 25856K, reserved 425984K
}
Event: 1918.560 GC heap after
{Heap after GC invocations=70 (full 0):
 garbage-first heap   total 388096K, used 277726K [0x0000000080000000, 0x0000000100000000)
  region size 1024K, 10 young (10240K), 10 survivors (10240K)
 Metaspace       used 187765K, committed 189888K, reserved 622592K
  class space    used 24770K, committed 25856K, reserved 425984K
}
Event: 1919.583 GC heap before
{Heap before GC invocations=70 (full 0):
 garbage-first heap   total 388096K, used 327902K [0x0000000080000000, 0x0000000100000000)
  region size 1024K, 60 young (61440K), 10 survivors (10240K)
 Metaspace       used 190159K, committed 192320K, reserved 622592K
  class space    used 25076K, committed 26176K, reserved 425984K
}
Event: 1919.593 GC heap after
{Heap after GC invocations=71 (full 0):
 garbage-first heap   total 388096K, used 276671K [0x0000000080000000, 0x0000000100000000)
  region size 1024K, 5 young (5120K), 5 survivors (5120K)
 Metaspace       used 190159K, committed 192320K, reserved 622592K
  class space    used 25076K, committed 26176K, reserved 425984K
}
Event: 1920.057 GC heap before
{Heap before GC invocations=71 (full 0):
 garbage-first heap   total 388096K, used 328895K [0x0000000080000000, 0x0000000100000000)
  region size 1024K, 57 young (58368K), 5 survivors (5120K)
 Metaspace       used 191928K, committed 194048K, reserved 622592K
  class space    used 25313K, committed 26368K, reserved 425984K
}
Event: 1920.074 GC heap after
{Heap after GC invocations=72 (full 0):
 garbage-first heap   total 388096K, used 281871K [0x0000000080000000, 0x0000000100000000)
  region size 1024K, 7 young (7168K), 7 survivors (7168K)
 Metaspace       used 191928K, committed 194048K, reserved 622592K
  class space    used 25313K, committed 26368K, reserved 425984K
}
Event: 1920.381 GC heap before
{Heap before GC invocations=72 (full 0):
 garbage-first heap   total 388096K, used 328975K [0x0000000080000000, 0x0000000100000000)
  region size 1024K, 54 young (55296K), 7 survivors (7168K)
 Metaspace       used 194496K, committed 196672K, reserved 622592K
  class space    used 25647K, committed 26752K, reserved 425984K
}
Event: 1920.390 GC heap after
{Heap after GC invocations=73 (full 0):
 garbage-first heap   total 388096K, used 285145K [0x0000000080000000, 0x0000000100000000)
  region size 1024K, 4 young (4096K), 4 survivors (4096K)
 Metaspace       used 194496K, committed 196672K, reserved 622592K
  class space    used 25647K, committed 26752K, reserved 425984K
}
Event: 1920.957 GC heap before
{Heap before GC invocations=73 (full 0):
 garbage-first heap   total 388096K, used 347609K [0x0000000080000000, 0x0000000100000000)
  region size 1024K, 51 young (52224K), 4 survivors (4096K)
 Metaspace       used 197488K, committed 199616K, reserved 622592K
  class space    used 26070K, committed 27136K, reserved 425984K
}
Event: 1921.824 GC heap after
{Heap after GC invocations=74 (full 0):
 garbage-first heap   total 388096K, used 306656K [0x0000000080000000, 0x0000000100000000)
  region size 1024K, 7 young (7168K), 7 survivors (7168K)
 Metaspace       used 197488K, committed 199616K, reserved 622592K
  class space    used 26070K, committed 27136K, reserved 425984K
}
Event: 1922.037 GC heap before
{Heap before GC invocations=74 (full 0):
 garbage-first heap   total 388096K, used 369120K [0x0000000080000000, 0x0000000100000000)
  region size 1024K, 38 young (38912K), 7 survivors (7168K)
 Metaspace       used 198422K, committed 200576K, reserved 622592K
  class space    used 26187K, committed 27264K, reserved 425984K
}
Event: 1922.044 GC heap after
{Heap after GC invocations=75 (full 0):
 garbage-first heap   total 388096K, used 323761K [0x0000000080000000, 0x0000000100000000)
  region size 1024K, 5 young (5120K), 5 survivors (5120K)
 Metaspace       used 198422K, committed 200576K, reserved 622592K
  class space    used 26187K, committed 27264K, reserved 425984K
}
Event: 1922.125 GC heap before
{Heap before GC invocations=75 (full 0):
 garbage-first heap   total 388096K, used 339121K [0x0000000080000000, 0x0000000100000000)
  region size 1024K, 21 young (21504K), 5 survivors (5120K)
 Metaspace       used 199470K, committed 201664K, reserved 622592K
  class space    used 26332K, committed 27392K, reserved 425984K
}
Event: 1922.132 GC heap after
{Heap after GC invocations=76 (full 0):
 garbage-first heap   total 388096K, used 327373K [0x0000000080000000, 0x0000000100000000)
  region size 1024K, 3 young (3072K), 3 survivors (3072K)
 Metaspace       used 199470K, committed 201664K, reserved 622592K
  class space    used 26332K, committed 27392K, reserved 425984K
}
Event: 1922.206 GC heap before
{Heap before GC invocations=76 (full 0):
 garbage-first heap   total 388096K, used 341709K [0x0000000080000000, 0x0000000100000000)
  region size 1024K, 18 young (18432K), 3 survivors (3072K)
 Metaspace       used 199782K, committed 201984K, reserved 622592K
  class space    used 26379K, committed 27456K, reserved 425984K
}

