# JRE version: OpenJDK Runtime Environment Temurin-17.0.17+10 (17.0.17+10) (build 17.0.17+10)
# Java VM: OpenJDK 64-Bit Server VM Temurin-17.0.17+10 (17.0.17+10, mixed mode, sharing, tiered, compressed oops, compressed class ptrs, g1 gc, windows-amd64)
GC Precious Log:
 CPUs: 8 total, 8 available
 Memory: 7914M
 Large Page Support: Disabled
 NUMA Support: Disabled
 Compressed Oops: Enabled (Zero based)
 Heap Region Size: 2M
 Heap Min Capacity: 8M
 Heap Initial Capacity: 124M
 Heap Max Capacity: 4G
 Pre-touch: Disabled
 Parallel Workers: 8
 Concurrent Workers: 2
 Concurrent Refinement Workers: 8
 Periodic GC: Disabled
Heap:
 garbage-first heap   total 536576K, used 304458K [0x0000000700000000, 0x0000000800000000)
  region size 2048K, 3 young (6144K), 3 survivors (6144K)
 Metaspace       used 138016K, committed 139840K, reserved 557056K
  class space    used 18506K, committed 19456K, reserved 425984K
GC Heap History (20 events):
Event: 47.385 GC heap after
{Heap after GC invocations=80 (full 0):
 garbage-first heap   total 417792K, used 306581K [0x0000000700000000, 0x0000000800000000)
  region size 2048K, 2 young (4096K), 2 survivors (4096K)
 Metaspace       used 132559K, committed 134208K, reserved 557056K
  class space    used 17759K, committed 18560K, reserved 425984K
}
Event: 48.735 GC heap before
{Heap before GC invocations=81 (full 0):
 garbage-first heap   total 536576K, used 335253K [0x0000000700000000, 0x0000000800000000)
  region size 2048K, 28 young (57344K), 2 survivors (4096K)
 Metaspace       used 132949K, committed 134592K, reserved 557056K
  class space    used 17818K, committed 18624K, reserved 425984K
}
Event: 48.741 GC heap after
{Heap after GC invocations=82 (full 0):
 garbage-first heap   total 536576K, used 284807K [0x0000000700000000, 0x0000000800000000)
  region size 2048K, 4 young (8192K), 4 survivors (8192K)
 Metaspace       used 132949K, committed 134592K, reserved 557056K
  class space    used 17818K, committed 18624K, reserved 425984K
}
Event: 51.552 GC heap before
{Heap before GC invocations=82 (full 0):
 garbage-first heap   total 536576K, used 301191K [0x0000000700000000, 0x0000000800000000)
  region size 2048K, 13 young (26624K), 4 survivors (8192K)
 Metaspace       used 133609K, committed 135360K, reserved 557056K
  class space    used 17944K, committed 18816K, reserved 425984K
}
Event: 51.573 GC heap after
{Heap after GC invocations=83 (full 0):
 garbage-first heap   total 536576K, used 257420K [0x0000000700000000, 0x0000000800000000)
  region size 2048K, 2 young (4096K), 2 survivors (4096K)
 Metaspace       used 133609K, committed 135360K, reserved 557056K
  class space    used 17944K, committed 18816K, reserved 425984K
}
Event: 53.223 GC heap before
{Heap before GC invocations=83 (full 0):
 garbage-first heap   total 536576K, used 441740K [0x0000000700000000, 0x0000000800000000)
  region size 2048K, 92 young (188416K), 2 survivors (4096K)
 Metaspace       used 134186K, committed 136000K, reserved 557056K
  class space    used 18012K, committed 18880K, reserved 425984K
}
Event: 53.243 GC heap after
{Heap after GC invocations=84 (full 0):
 garbage-first heap   total 536576K, used 267744K [0x0000000700000000, 0x0000000800000000)
  region size 2048K, 7 young (14336K), 7 survivors (14336K)
 Metaspace       used 134186K, committed 136000K, reserved 557056K
  class space    used 18012K, committed 18880K, reserved 425984K
}
Event: 57.827 GC heap before
{Heap before GC invocations=84 (full 0):
 garbage-first heap   total 536576K, used 437728K [0x0000000700000000, 0x0000000800000000)
  region size 2048K, 91 young (186368K), 7 survivors (14336K)
 Metaspace       used 136126K, committed 137920K, reserved 557056K
  class space    used 18250K, committed 19136K, reserved 425984K
}
Event: 57.841 GC heap after
{Heap after GC invocations=85 (full 0):
 garbage-first heap   total 536576K, used 274266K [0x0000000700000000, 0x0000000800000000)
  region size 2048K, 9 young (18432K), 9 survivors (18432K)
 Metaspace       used 136126K, committed 137920K, reserved 557056K
  class space    used 18250K, committed 19136K, reserved 425984K
}
Event: 66.566 GC heap before
{Heap before GC invocations=85 (full 0):
 garbage-first heap   total 536576K, used 419674K [0x0000000700000000, 0x0000000800000000)
  region size 2048K, 58 young (118784K), 9 survivors (18432K)
 Metaspace       used 138016K, committed 139840K, reserved 557056K
  class space    used 18506K, committed 19456K, reserved 425984K
}
Event: 66.599 GC heap after
{Heap after GC invocations=86 (full 0):
 garbage-first heap   total 536576K, used 304348K [0x0000000700000000, 0x0000000800000000)
  region size 2048K, 6 young (12288K), 6 survivors (12288K)
 Metaspace       used 138016K, committed 139840K, reserved 557056K
  class space    used 18506K, committed 19456K, reserved 425984K
}
Event: 66.657 GC heap before
{Heap before GC invocations=86 (full 0):
 garbage-first heap   total 536576K, used 345308K [0x0000000700000000, 0x0000000800000000)
  region size 2048K, 7 young (14336K), 6 survivors (12288K)
 Metaspace       used 138016K, committed 139840K, reserved 557056K
  class space    used 18506K, committed 19456K, reserved 425984K
}
Event: 66.667 GC heap after
{Heap after GC invocations=87 (full 0):
 garbage-first heap   total 536576K, used 302747K [0x0000000700000000, 0x0000000800000000)
  region size 2048K, 3 young (6144K), 3 survivors (6144K)
 Metaspace       used 138016K, committed 139840K, reserved 557056K
  class space    used 18506K, committed 19456K, reserved 425984K
}
Event: 66.692 GC heap before
{Heap before GC invocations=87 (full 0):
 garbage-first heap   total 536576K, used 323227K [0x0000000700000000, 0x0000000800000000)
  region size 2048K, 4 young (8192K), 3 survivors (6144K)
 Metaspace       used 138016K, committed 139840K, reserved 557056K
  class space    used 18506K, committed 19456K, reserved 425984K
}
Event: 66.697 GC heap after
{Heap after GC invocations=88 (full 0):
 garbage-first heap   total 536576K, used 304411K [0x0000000700000000, 0x0000000800000000)
  region size 2048K, 3 young (6144K), 3 survivors (6144K)
 Metaspace       used 138016K, committed 139840K, reserved 557056K
  class space    used 18506K, committed 19456K, reserved 425984K
}
Event: 66.712 GC heap before
{Heap before GC invocations=88 (full 0):
 garbage-first heap   total 536576K, used 314651K [0x0000000700000000, 0x0000000800000000)
  region size 2048K, 4 young (8192K), 3 survivors (6144K)
 Metaspace       used 138016K, committed 139840K, reserved 557056K
  class space    used 18506K, committed 19456K, reserved 425984K
}
Event: 66.717 GC heap after
{Heap after GC invocations=89 (full 0):
 garbage-first heap   total 536576K, used 304248K [0x0000000700000000, 0x0000000800000000)
  region size 2048K, 3 young (6144K), 3 survivors (6144K)
 Metaspace       used 138016K, committed 139840K, reserved 557056K
  class space    used 18506K, committed 19456K, reserved 425984K
}
Event: 66.725 GC heap before
{Heap before GC invocations=89 (full 0):
 garbage-first heap   total 536576K, used 312440K [0x0000000700000000, 0x0000000800000000)
  region size 2048K, 4 young (8192K), 3 survivors (6144K)
 Metaspace       used 138016K, committed 139840K, reserved 557056K
  class space    used 18506K, committed 19456K, reserved 425984K
}
Event: 66.730 GC heap after
{Heap after GC invocations=90 (full 0):
 garbage-first heap   total 536576K, used 304452K [0x0000000700000000, 0x0000000800000000)
  region size 2048K, 3 young (6144K), 3 survivors (6144K)
 Metaspace       used 138016K, committed 139840K, reserved 557056K
  class space    used 18506K, committed 19456K, reserved 425984K
}
Event: 66.738 GC heap before
{Heap before GC invocations=90 (full 0):
 garbage-first heap   total 536576K, used 312644K [0x0000000700000000, 0x0000000800000000)
  region size 2048K, 4 young (8192K), 3 survivors (6144K)
 Metaspace       used 138016K, committed 139840K, reserved 557056K
  class space    used 18506K, committed 19456K, reserved 425984K
}

